2024-01-03 02:31:24,775 - __main__ - INFO - Get auth token success
2024-01-03 02:31:24,776 - __main__ - INFO - Sessionkey is: eyJhbGciOiJIUzI1NiIsInR5cCI6IkpXVCJ9.eyJfaWQiOjcxMDQzNjksIm5vbmNlIjoiT2Y3ZE9SbGk0Rm9yN1V1VSIsImlhdCI6MTcwNDI0OTA4NCwiaXNzIjoiZWxpY2UtYWNjb3VudC1hcGkifQ.SJeed5Xlyk58fOSVllmQA-cgeVgmeYMydrTDCAXgEOE
2024-01-03 02:47:01,266 - __main__ - INFO - Get auth token success
2024-01-03 02:47:01,267 - __main__ - INFO - Sessionkey is: eyJhbGciOiJIUzI1NiIsInR5cCI6IkpXVCJ9.eyJfaWQiOjcxMDQzNjksIm5vbmNlIjoiQlNvQzAxUXplRHU4NGpyWCIsImlhdCI6MTcwNDI1MDAyMSwiaXNzIjoiZWxpY2UtYWNjb3VudC1hcGkifQ.TOrn4Mt-peyB3t8efb3TASq9scz_xZ9fwI4C9VjVWCE
2024-01-03 04:18:10,832 - __main__ - INFO - Get auth token success
2024-01-03 04:18:10,833 - __main__ - INFO - Sessionkey is: eyJhbGciOiJIUzI1NiIsInR5cCI6IkpXVCJ9.eyJfaWQiOjcxMDQzNjksIm5vbmNlIjoicmVyNzhSUEIycGVrM2lLRiIsImlhdCI6MTcwNDI1NTQ5MCwiaXNzIjoiZWxpY2UtYWNjb3VudC1hcGkifQ.YkClQJFsjzguuJen7XbPzN_Hec95ZE-k1EobH-4PAeA
2024-01-03 04:18:12,176 - __main__ - INFO - Request of course report success
2024-01-03 04:18:12,177 - __main__ - INFO - Download token is: 08184a77fccc4a8db0caf38074c72c9a
2024-01-03 04:18:12,277 - __main__ - INFO - Waiting before get remote file... 0
2024-01-03 04:18:12,377 - __main__ - INFO - Waiting before get remote file... 1
2024-01-03 04:18:12,478 - __main__ - INFO - Waiting before get remote file... 2
2024-01-03 04:18:12,578 - __main__ - INFO - Waiting before get remote file... 3
2024-01-03 04:18:12,678 - __main__ - INFO - Waiting before get remote file... 4
2024-01-03 04:18:12,779 - __main__ - INFO - Waiting before get remote file... 5
2024-01-03 04:18:12,879 - __main__ - INFO - Waiting before get remote file... 6
2024-01-03 04:18:12,979 - __main__ - INFO - Waiting before get remote file... 7
2024-01-03 04:18:13,079 - __main__ - INFO - Waiting before get remote file... 8
2024-01-03 04:18:13,180 - __main__ - INFO - Waiting before get remote file... 9
2024-01-03 04:18:13,280 - __main__ - INFO - Waiting before get remote file... 10
2024-01-03 04:18:13,380 - __main__ - INFO - Waiting before get remote file... 11
2024-01-03 04:18:13,480 - __main__ - INFO - Waiting before get remote file... 12
2024-01-03 04:18:13,581 - __main__ - INFO - Waiting before get remote file... 13
2024-01-03 04:18:13,681 - __main__ - INFO - Waiting before get remote file... 14
2024-01-03 04:18:13,781 - __main__ - INFO - Waiting before get remote file... 15
2024-01-03 04:18:13,882 - __main__ - INFO - Waiting before get remote file... 16
2024-01-03 04:18:13,982 - __main__ - INFO - Waiting before get remote file... 17
2024-01-03 04:18:14,082 - __main__ - INFO - Waiting before get remote file... 18
2024-01-03 04:18:14,183 - __main__ - INFO - Waiting before get remote file... 19
2024-01-03 04:18:14,283 - __main__ - INFO - Waiting before get remote file... 20
2024-01-03 04:18:14,383 - __main__ - INFO - Waiting before get remote file... 21
2024-01-03 04:18:14,483 - __main__ - INFO - Waiting before get remote file... 22
2024-01-03 04:18:14,584 - __main__ - INFO - Waiting before get remote file... 23
2024-01-03 04:18:14,684 - __main__ - INFO - Waiting before get remote file... 24
2024-01-03 04:18:14,784 - __main__ - INFO - Waiting before get remote file... 25
2024-01-03 04:18:14,884 - __main__ - INFO - Waiting before get remote file... 26
2024-01-03 04:18:14,985 - __main__ - INFO - Waiting before get remote file... 27
2024-01-03 04:18:15,085 - __main__ - INFO - Waiting before get remote file... 28
2024-01-03 04:18:15,185 - __main__ - INFO - Waiting before get remote file... 29
2024-01-03 04:18:15,286 - __main__ - INFO - Waiting before get remote file... 30
2024-01-03 04:18:15,386 - __main__ - INFO - Waiting before get remote file... 31
2024-01-03 04:18:15,486 - __main__ - INFO - Waiting before get remote file... 32
2024-01-03 04:18:15,587 - __main__ - INFO - Waiting before get remote file... 33
2024-01-03 04:18:15,687 - __main__ - INFO - Waiting before get remote file... 34
2024-01-03 04:18:15,787 - __main__ - INFO - Waiting before get remote file... 35
2024-01-03 04:18:15,887 - __main__ - INFO - Waiting before get remote file... 36
2024-01-03 04:18:15,988 - __main__ - INFO - Waiting before get remote file... 37
2024-01-03 04:18:16,088 - __main__ - INFO - Waiting before get remote file... 38
2024-01-03 04:18:16,188 - __main__ - INFO - Waiting before get remote file... 39
2024-01-03 04:18:16,289 - __main__ - INFO - Waiting before get remote file... 40
2024-01-03 04:18:16,389 - __main__ - INFO - Waiting before get remote file... 41
2024-01-03 04:18:16,489 - __main__ - INFO - Waiting before get remote file... 42
2024-01-03 04:18:16,589 - __main__ - INFO - Waiting before get remote file... 43
2024-01-03 04:18:16,690 - __main__ - INFO - Waiting before get remote file... 44
2024-01-03 04:18:16,790 - __main__ - INFO - Waiting before get remote file... 45
2024-01-03 04:18:16,890 - __main__ - INFO - Waiting before get remote file... 46
2024-01-03 04:18:16,991 - __main__ - INFO - Waiting before get remote file... 47
2024-01-03 04:18:17,091 - __main__ - INFO - Waiting before get remote file... 48
2024-01-03 04:18:17,191 - __main__ - INFO - Waiting before get remote file... 49
2024-01-03 04:18:17,291 - __main__ - INFO - Waiting before get remote file... 50
2024-01-03 04:18:17,392 - __main__ - INFO - Waiting before get remote file... 51
2024-01-03 04:18:17,492 - __main__ - INFO - Waiting before get remote file... 52
2024-01-03 04:18:17,592 - __main__ - INFO - Waiting before get remote file... 53
2024-01-03 04:18:17,693 - __main__ - INFO - Waiting before get remote file... 54
2024-01-03 04:18:17,793 - __main__ - INFO - Waiting before get remote file... 55
2024-01-03 04:18:17,893 - __main__ - INFO - Waiting before get remote file... 56
2024-01-03 04:18:17,994 - __main__ - INFO - Waiting before get remote file... 57
2024-01-03 04:18:18,094 - __main__ - INFO - Waiting before get remote file... 58
2024-01-03 04:18:18,194 - __main__ - INFO - Waiting before get remote file... 59
2024-01-03 04:18:18,294 - __main__ - INFO - Waiting before get remote file... 60
2024-01-03 04:18:18,395 - __main__ - INFO - Waiting before get remote file... 61
2024-01-03 04:18:18,495 - __main__ - INFO - Waiting before get remote file... 62
2024-01-03 04:18:18,595 - __main__ - INFO - Waiting before get remote file... 63
2024-01-03 04:18:18,695 - __main__ - INFO - Waiting before get remote file... 64
2024-01-03 04:18:18,796 - __main__ - INFO - Waiting before get remote file... 65
2024-01-03 04:18:18,896 - __main__ - INFO - Waiting before get remote file... 66
2024-01-03 04:18:18,996 - __main__ - INFO - Waiting before get remote file... 67
2024-01-03 04:18:19,096 - __main__ - INFO - Waiting before get remote file... 68
2024-01-03 04:18:19,197 - __main__ - INFO - Waiting before get remote file... 69
2024-01-03 04:18:19,297 - __main__ - INFO - Waiting before get remote file... 70
2024-01-03 04:18:19,397 - __main__ - INFO - Waiting before get remote file... 71
2024-01-03 04:18:19,497 - __main__ - INFO - Waiting before get remote file... 72
2024-01-03 04:18:19,598 - __main__ - INFO - Waiting before get remote file... 73
2024-01-03 04:18:19,698 - __main__ - INFO - Waiting before get remote file... 74
2024-01-03 04:18:19,798 - __main__ - INFO - Waiting before get remote file... 75
2024-01-03 04:18:19,898 - __main__ - INFO - Waiting before get remote file... 76
2024-01-03 04:18:19,999 - __main__ - INFO - Waiting before get remote file... 77
2024-01-03 04:18:20,099 - __main__ - INFO - Waiting before get remote file... 78
2024-01-03 04:18:20,199 - __main__ - INFO - Waiting before get remote file... 79
2024-01-03 04:18:20,300 - __main__ - INFO - Waiting before get remote file... 80
2024-01-03 04:18:20,400 - __main__ - INFO - Waiting before get remote file... 81
2024-01-03 04:18:20,500 - __main__ - INFO - Waiting before get remote file... 82
2024-01-03 04:18:20,600 - __main__ - INFO - Waiting before get remote file... 83
2024-01-03 04:18:20,701 - __main__ - INFO - Waiting before get remote file... 84
2024-01-03 04:18:20,801 - __main__ - INFO - Waiting before get remote file... 85
2024-01-03 04:18:20,901 - __main__ - INFO - Waiting before get remote file... 86
2024-01-03 04:18:21,002 - __main__ - INFO - Waiting before get remote file... 87
2024-01-03 04:18:21,102 - __main__ - INFO - Waiting before get remote file... 88
2024-01-03 04:18:21,202 - __main__ - INFO - Waiting before get remote file... 89
2024-01-03 04:18:21,303 - __main__ - INFO - Waiting before get remote file... 90
2024-01-03 04:18:21,403 - __main__ - INFO - Waiting before get remote file... 91
2024-01-03 04:18:21,503 - __main__ - INFO - Waiting before get remote file... 92
2024-01-03 04:18:21,604 - __main__ - INFO - Waiting before get remote file... 93
2024-01-03 04:18:21,704 - __main__ - INFO - Waiting before get remote file... 94
2024-01-03 04:18:21,804 - __main__ - INFO - Waiting before get remote file... 95
2024-01-03 04:18:21,905 - __main__ - INFO - Waiting before get remote file... 96
2024-01-03 04:18:22,005 - __main__ - INFO - Waiting before get remote file... 97
2024-01-03 04:18:22,105 - __main__ - INFO - Waiting before get remote file... 98
2024-01-03 04:18:22,205 - __main__ - INFO - Waiting before get remote file... 99
2024-01-03 04:18:22,998 - __main__ - ERROR - 에러가 발생했습니다!
